Starting TensorBoard 55 at http://gpu18.bc4.acrc.priv:17505
(Press CTRL+C to quit)
# Downloading CIFAR-10 into /mnt/storage/home/nl14833/labsheets/Lab_1_intro/dataset/... 
step 0, accuracy on validation batch: 0.125
step 10, accuracy on validation batch: 0.109375
step 20, accuracy on validation batch: 0.140625
step 30, accuracy on validation batch: 0.171875
step 40, accuracy on validation batch: 0.210938
step 50, accuracy on validation batch: 0.226562
step 60, accuracy on validation batch: 0.210938
step 70, accuracy on validation batch: 0.21875
step 80, accuracy on validation batch: 0.234375
step 90, accuracy on validation batch: 0.3125
step 100, accuracy on validation batch: 0.25
step 110, accuracy on validation batch: 0.203125
step 120, accuracy on validation batch: 0.257812
step 130, accuracy on validation batch: 0.273438
step 140, accuracy on validation batch: 0.15625
step 150, accuracy on validation batch: 0.304688
step 160, accuracy on validation batch: 0.257812
step 170, accuracy on validation batch: 0.25
step 180, accuracy on validation batch: 0.25
step 190, accuracy on validation batch: 0.273438
step 200, accuracy on validation batch: 0.234375
step 210, accuracy on validation batch: 0.140625
step 220, accuracy on validation batch: 0.273438
step 230, accuracy on validation batch: 0.328125
step 240, accuracy on validation batch: 0.351562
step 250, accuracy on validation batch: 0.296875
step 260, accuracy on validation batch: 0.304688
step 270, accuracy on validation batch: 0.296875
step 280, accuracy on validation batch: 0.3125
step 290, accuracy on validation batch: 0.273438
step 300, accuracy on validation batch: 0.367188
step 310, accuracy on validation batch: 0.296875
step 320, accuracy on validation batch: 0.367188
step 330, accuracy on validation batch: 0.257812
step 340, accuracy on validation batch: 0.3125
step 350, accuracy on validation batch: 0.296875
step 360, accuracy on validation batch: 0.335938
step 370, accuracy on validation batch: 0.375
step 380, accuracy on validation batch: 0.335938
step 390, accuracy on validation batch: 0.289062
step 400, accuracy on validation batch: 0.390625
step 410, accuracy on validation batch: 0.3125
step 420, accuracy on validation batch: 0.242188
step 430, accuracy on validation batch: 0.25
step 440, accuracy on validation batch: 0.351562
step 450, accuracy on validation batch: 0.328125
step 460, accuracy on validation batch: 0.398438
step 470, accuracy on validation batch: 0.359375
step 480, accuracy on validation batch: 0.40625
step 490, accuracy on validation batch: 0.382812
step 500, accuracy on validation batch: 0.304688
step 510, accuracy on validation batch: 0.34375
step 520, accuracy on validation batch: 0.328125
step 530, accuracy on validation batch: 0.25
step 540, accuracy on validation batch: 0.335938
step 550, accuracy on validation batch: 0.351562
step 560, accuracy on validation batch: 0.289062
step 570, accuracy on validation batch: 0.3125
step 580, accuracy on validation batch: 0.359375
step 590, accuracy on validation batch: 0.3125
step 600, accuracy on validation batch: 0.367188
step 610, accuracy on validation batch: 0.320312
step 620, accuracy on validation batch: 0.296875
step 630, accuracy on validation batch: 0.351562
step 640, accuracy on validation batch: 0.359375
step 650, accuracy on validation batch: 0.304688
step 660, accuracy on validation batch: 0.335938
step 670, accuracy on validation batch: 0.359375
step 680, accuracy on validation batch: 0.304688
step 690, accuracy on validation batch: 0.359375
step 700, accuracy on validation batch: 0.289062
step 710, accuracy on validation batch: 0.398438
step 720, accuracy on validation batch: 0.328125
step 730, accuracy on validation batch: 0.351562
step 740, accuracy on validation batch: 0.273438
step 750, accuracy on validation batch: 0.382812
step 760, accuracy on validation batch: 0.390625
step 770, accuracy on validation batch: 0.351562
step 780, accuracy on validation batch: 0.335938
step 790, accuracy on validation batch: 0.429688
step 800, accuracy on validation batch: 0.296875
step 810, accuracy on validation batch: 0.367188
step 820, accuracy on validation batch: 0.367188
step 830, accuracy on validation batch: 0.335938
step 840, accuracy on validation batch: 0.398438
step 850, accuracy on validation batch: 0.3125
step 860, accuracy on validation batch: 0.414062
step 870, accuracy on validation batch: 0.351562
step 880, accuracy on validation batch: 0.359375
step 890, accuracy on validation batch: 0.445312
step 900, accuracy on validation batch: 0.242188
step 910, accuracy on validation batch: 0.328125
step 920, accuracy on validation batch: 0.359375
step 930, accuracy on validation batch: 0.390625
step 940, accuracy on validation batch: 0.375
step 950, accuracy on validation batch: 0.34375
step 960, accuracy on validation batch: 0.367188
step 970, accuracy on validation batch: 0.414062
step 980, accuracy on validation batch: 0.328125
step 990, accuracy on validation batch: 0.460938
step 1000, accuracy on validation batch: 0.351562
step 1010, accuracy on validation batch: 0.328125
step 1020, accuracy on validation batch: 0.390625
step 1030, accuracy on validation batch: 0.375
step 1040, accuracy on validation batch: 0.390625
step 1050, accuracy on validation batch: 0.375
step 1060, accuracy on validation batch: 0.289062
step 1070, accuracy on validation batch: 0.3125
step 1080, accuracy on validation batch: 0.46875
step 1090, accuracy on validation batch: 0.414062
step 1100, accuracy on validation batch: 0.351562
step 1110, accuracy on validation batch: 0.382812
step 1120, accuracy on validation batch: 0.335938
step 1130, accuracy on validation batch: 0.289062
step 1140, accuracy on validation batch: 0.34375
step 1150, accuracy on validation batch: 0.328125
step 1160, accuracy on validation batch: 0.390625
step 1170, accuracy on validation batch: 0.34375
step 1180, accuracy on validation batch: 0.367188
step 1190, accuracy on validation batch: 0.304688
step 1200, accuracy on validation batch: 0.429688
step 1210, accuracy on validation batch: 0.328125
step 1220, accuracy on validation batch: 0.304688
step 1230, accuracy on validation batch: 0.382812
step 1240, accuracy on validation batch: 0.367188
step 1250, accuracy on validation batch: 0.398438
step 1260, accuracy on validation batch: 0.390625
step 1270, accuracy on validation batch: 0.390625
step 1280, accuracy on validation batch: 0.359375
step 1290, accuracy on validation batch: 0.25
step 1300, accuracy on validation batch: 0.390625
step 1310, accuracy on validation batch: 0.4375
step 1320, accuracy on validation batch: 0.453125
step 1330, accuracy on validation batch: 0.398438
step 1340, accuracy on validation batch: 0.414062
step 1350, accuracy on validation batch: 0.382812
step 1360, accuracy on validation batch: 0.3125
step 1370, accuracy on validation batch: 0.375
step 1380, accuracy on validation batch: 0.445312
step 1390, accuracy on validation batch: 0.351562
step 1400, accuracy on validation batch: 0.390625
step 1410, accuracy on validation batch: 0.390625
step 1420, accuracy on validation batch: 0.375
step 1430, accuracy on validation batch: 0.328125
step 1440, accuracy on validation batch: 0.398438
step 1450, accuracy on validation batch: 0.351562
step 1460, accuracy on validation batch: 0.304688
step 1470, accuracy on validation batch: 0.367188
step 1480, accuracy on validation batch: 0.40625
step 1490, accuracy on validation batch: 0.421875
step 1500, accuracy on validation batch: 0.351562
step 1510, accuracy on validation batch: 0.359375
step 1520, accuracy on validation batch: 0.414062
step 1530, accuracy on validation batch: 0.367188
step 1540, accuracy on validation batch: 0.289062
step 1550, accuracy on validation batch: 0.382812
step 1560, accuracy on validation batch: 0.398438
step 1570, accuracy on validation batch: 0.414062
step 1580, accuracy on validation batch: 0.351562
step 1590, accuracy on validation batch: 0.398438
step 1600, accuracy on validation batch: 0.398438
step 1610, accuracy on validation batch: 0.414062
step 1620, accuracy on validation batch: 0.398438
step 1630, accuracy on validation batch: 0.382812
step 1640, accuracy on validation batch: 0.421875
step 1650, accuracy on validation batch: 0.421875
step 1660, accuracy on validation batch: 0.453125
step 1670, accuracy on validation batch: 0.273438
step 1680, accuracy on validation batch: 0.320312
step 1690, accuracy on validation batch: 0.40625
step 1700, accuracy on validation batch: 0.476562
step 1710, accuracy on validation batch: 0.390625
step 1720, accuracy on validation batch: 0.34375
step 1730, accuracy on validation batch: 0.4375
step 1740, accuracy on validation batch: 0.46875
step 1750, accuracy on validation batch: 0.382812
step 1760, accuracy on validation batch: 0.390625
step 1770, accuracy on validation batch: 0.382812
step 1780, accuracy on validation batch: 0.359375
step 1790, accuracy on validation batch: 0.367188
step 1800, accuracy on validation batch: 0.351562
step 1810, accuracy on validation batch: 0.414062
step 1820, accuracy on validation batch: 0.328125
step 1830, accuracy on validation batch: 0.4375
step 1840, accuracy on validation batch: 0.390625
step 1850, accuracy on validation batch: 0.492188
step 1860, accuracy on validation batch: 0.335938
step 1870, accuracy on validation batch: 0.34375
step 1880, accuracy on validation batch: 0.445312
step 1890, accuracy on validation batch: 0.390625
step 1900, accuracy on validation batch: 0.351562
step 1910, accuracy on validation batch: 0.476562
step 1920, accuracy on validation batch: 0.445312
step 1930, accuracy on validation batch: 0.34375
step 1940, accuracy on validation batch: 0.421875
step 1950, accuracy on validation batch: 0.382812
step 1960, accuracy on validation batch: 0.421875
step 1970, accuracy on validation batch: 0.351562
step 1980, accuracy on validation batch: 0.375
step 1990, accuracy on validation batch: 0.375
step 2000, accuracy on validation batch: 0.507812
step 2010, accuracy on validation batch: 0.414062
step 2020, accuracy on validation batch: 0.382812
step 2030, accuracy on validation batch: 0.453125
step 2040, accuracy on validation batch: 0.445312
step 2050, accuracy on validation batch: 0.375
step 2060, accuracy on validation batch: 0.335938
step 2070, accuracy on validation batch: 0.40625
step 2080, accuracy on validation batch: 0.390625
step 2090, accuracy on validation batch: 0.375
step 2100, accuracy on validation batch: 0.421875
step 2110, accuracy on validation batch: 0.421875
step 2120, accuracy on validation batch: 0.328125
step 2130, accuracy on validation batch: 0.40625
step 2140, accuracy on validation batch: 0.4375
step 2150, accuracy on validation batch: 0.398438
step 2160, accuracy on validation batch: 0.429688
step 2170, accuracy on validation batch: 0.429688
step 2180, accuracy on validation batch: 0.460938
step 2190, accuracy on validation batch: 0.40625
step 2200, accuracy on validation batch: 0.429688
step 2210, accuracy on validation batch: 0.414062
step 2220, accuracy on validation batch: 0.445312
step 2230, accuracy on validation batch: 0.382812
step 2240, accuracy on validation batch: 0.5
step 2250, accuracy on validation batch: 0.4375
step 2260, accuracy on validation batch: 0.382812
step 2270, accuracy on validation batch: 0.367188
step 2280, accuracy on validation batch: 0.429688
step 2290, accuracy on validation batch: 0.484375
step 2300, accuracy on validation batch: 0.445312
step 2310, accuracy on validation batch: 0.40625
step 2320, accuracy on validation batch: 0.351562
step 2330, accuracy on validation batch: 0.421875
step 2340, accuracy on validation batch: 0.484375
step 2350, accuracy on validation batch: 0.4375
step 2360, accuracy on validation batch: 0.445312
step 2370, accuracy on validation batch: 0.367188
step 2380, accuracy on validation batch: 0.445312
step 2390, accuracy on validation batch: 0.421875
step 2400, accuracy on validation batch: 0.429688
step 2410, accuracy on validation batch: 0.429688
step 2420, accuracy on validation batch: 0.382812
step 2430, accuracy on validation batch: 0.460938
step 2440, accuracy on validation batch: 0.359375
step 2450, accuracy on validation batch: 0.4375
step 2460, accuracy on validation batch: 0.320312
step 2470, accuracy on validation batch: 0.398438
step 2480, accuracy on validation batch: 0.4375
step 2490, accuracy on validation batch: 0.414062
step 2500, accuracy on validation batch: 0.40625
step 2510, accuracy on validation batch: 0.398438
step 2520, accuracy on validation batch: 0.453125
step 2530, accuracy on validation batch: 0.375
step 2540, accuracy on validation batch: 0.328125
step 2550, accuracy on validation batch: 0.476562
step 2560, accuracy on validation batch: 0.46875
step 2570, accuracy on validation batch: 0.421875
step 2580, accuracy on validation batch: 0.359375
step 2590, accuracy on validation batch: 0.390625
step 2600, accuracy on validation batch: 0.421875
step 2610, accuracy on validation batch: 0.40625
step 2620, accuracy on validation batch: 0.382812
step 2630, accuracy on validation batch: 0.453125
step 2640, accuracy on validation batch: 0.429688
step 2650, accuracy on validation batch: 0.46875
step 2660, accuracy on validation batch: 0.367188
step 2670, accuracy on validation batch: 0.4375
step 2680, accuracy on validation batch: 0.453125
step 2690, accuracy on validation batch: 0.367188
step 2700, accuracy on validation batch: 0.414062
step 2710, accuracy on validation batch: 0.390625
step 2720, accuracy on validation batch: 0.367188
step 2730, accuracy on validation batch: 0.4375
step 2740, accuracy on validation batch: 0.46875
step 2750, accuracy on validation batch: 0.382812
step 2760, accuracy on validation batch: 0.390625
step 2770, accuracy on validation batch: 0.5
step 2780, accuracy on validation batch: 0.414062
step 2790, accuracy on validation batch: 0.421875
step 2800, accuracy on validation batch: 0.414062
step 2810, accuracy on validation batch: 0.390625
step 2820, accuracy on validation batch: 0.453125
step 2830, accuracy on validation batch: 0.375
step 2840, accuracy on validation batch: 0.390625
step 2850, accuracy on validation batch: 0.414062
step 2860, accuracy on validation batch: 0.367188
step 2870, accuracy on validation batch: 0.445312
step 2880, accuracy on validation batch: 0.398438
step 2890, accuracy on validation batch: 0.445312
step 2900, accuracy on validation batch: 0.453125
step 2910, accuracy on validation batch: 0.421875
step 2920, accuracy on validation batch: 0.359375
step 2930, accuracy on validation batch: 0.421875
step 2940, accuracy on validation batch: 0.4375
step 2950, accuracy on validation batch: 0.507812
step 2960, accuracy on validation batch: 0.421875
step 2970, accuracy on validation batch: 0.3125
step 2980, accuracy on validation batch: 0.398438
step 2990, accuracy on validation batch: 0.515625
step 3000, accuracy on validation batch: 0.429688
step 3010, accuracy on validation batch: 0.429688
step 3020, accuracy on validation batch: 0.382812
step 3030, accuracy on validation batch: 0.382812
step 3040, accuracy on validation batch: 0.421875
step 3050, accuracy on validation batch: 0.382812
step 3060, accuracy on validation batch: 0.4375
step 3070, accuracy on validation batch: 0.421875
step 3080, accuracy on validation batch: 0.460938
step 3090, accuracy on validation batch: 0.414062
step 3100, accuracy on validation batch: 0.492188
step 3110, accuracy on validation batch: 0.40625
step 3120, accuracy on validation batch: 0.367188
step 3130, accuracy on validation batch: 0.492188
step 3140, accuracy on validation batch: 0.34375
step 3150, accuracy on validation batch: 0.375
step 3160, accuracy on validation batch: 0.53125
step 3170, accuracy on validation batch: 0.40625
step 3180, accuracy on validation batch: 0.40625
step 3190, accuracy on validation batch: 0.4375
step 3200, accuracy on validation batch: 0.375
step 3210, accuracy on validation batch: 0.460938
step 3220, accuracy on validation batch: 0.398438
step 3230, accuracy on validation batch: 0.421875
step 3240, accuracy on validation batch: 0.40625
step 3250, accuracy on validation batch: 0.414062
step 3260, accuracy on validation batch: 0.46875
step 3270, accuracy on validation batch: 0.390625
step 3280, accuracy on validation batch: 0.460938
step 3290, accuracy on validation batch: 0.4375
step 3300, accuracy on validation batch: 0.34375
step 3310, accuracy on validation batch: 0.40625
step 3320, accuracy on validation batch: 0.429688
step 3330, accuracy on validation batch: 0.390625
step 3340, accuracy on validation batch: 0.390625
step 3350, accuracy on validation batch: 0.4375
step 3360, accuracy on validation batch: 0.40625
step 3370, accuracy on validation batch: 0.328125
step 3380, accuracy on validation batch: 0.367188
step 3390, accuracy on validation batch: 0.492188
step 3400, accuracy on validation batch: 0.445312
step 3410, accuracy on validation batch: 0.40625
step 3420, accuracy on validation batch: 0.484375
step 3430, accuracy on validation batch: 0.476562
step 3440, accuracy on validation batch: 0.390625
step 3450, accuracy on validation batch: 0.445312
step 3460, accuracy on validation batch: 0.445312
step 3470, accuracy on validation batch: 0.453125
step 3480, accuracy on validation batch: 0.421875
step 3490, accuracy on validation batch: 0.46875
step 3500, accuracy on validation batch: 0.414062
step 3510, accuracy on validation batch: 0.398438
step 3520, accuracy on validation batch: 0.429688
step 3530, accuracy on validation batch: 0.453125
step 3540, accuracy on validation batch: 0.460938
step 3550, accuracy on validation batch: 0.414062
step 3560, accuracy on validation batch: 0.414062
step 3570, accuracy on validation batch: 0.375
step 3580, accuracy on validation batch: 0.507812
step 3590, accuracy on validation batch: 0.46875
step 3600, accuracy on validation batch: 0.453125
step 3610, accuracy on validation batch: 0.46875
step 3620, accuracy on validation batch: 0.414062
step 3630, accuracy on validation batch: 0.46875
step 3640, accuracy on validation batch: 0.40625
step 3650, accuracy on validation batch: 0.46875
step 3660, accuracy on validation batch: 0.476562
step 3670, accuracy on validation batch: 0.4375
step 3680, accuracy on validation batch: 0.515625
step 3690, accuracy on validation batch: 0.398438
step 3700, accuracy on validation batch: 0.421875
step 3710, accuracy on validation batch: 0.34375
step 3720, accuracy on validation batch: 0.460938
step 3730, accuracy on validation batch: 0.507812
step 3740, accuracy on validation batch: 0.445312
step 3750, accuracy on validation batch: 0.460938
step 3760, accuracy on validation batch: 0.421875
step 3770, accuracy on validation batch: 0.421875
step 3780, accuracy on validation batch: 0.445312
step 3790, accuracy on validation batch: 0.34375
step 3800, accuracy on validation batch: 0.460938
step 3810, accuracy on validation batch: 0.515625
step 3820, accuracy on validation batch: 0.460938
step 3830, accuracy on validation batch: 0.40625
step 3840, accuracy on validation batch: 0.453125
step 3850, accuracy on validation batch: 0.453125
step 3860, accuracy on validation batch: 0.421875
step 3870, accuracy on validation batch: 0.46875
step 3880, accuracy on validation batch: 0.445312
step 3890, accuracy on validation batch: 0.445312
step 3900, accuracy on validation batch: 0.445312
step 3910, accuracy on validation batch: 0.414062
step 3920, accuracy on validation batch: 0.46875
step 3930, accuracy on validation batch: 0.429688
step 3940, accuracy on validation batch: 0.414062
step 3950, accuracy on validation batch: 0.453125
step 3960, accuracy on validation batch: 0.453125
step 3970, accuracy on validation batch: 0.445312
step 3980, accuracy on validation batch: 0.445312
step 3990, accuracy on validation batch: 0.53125
step 4000, accuracy on validation batch: 0.390625
step 4010, accuracy on validation batch: 0.460938
step 4020, accuracy on validation batch: 0.601562
step 4030, accuracy on validation batch: 0.421875
step 4040, accuracy on validation batch: 0.398438
step 4050, accuracy on validation batch: 0.476562
step 4060, accuracy on validation batch: 0.453125
step 4070, accuracy on validation batch: 0.484375
step 4080, accuracy on validation batch: 0.421875
step 4090, accuracy on validation batch: 0.421875
step 4100, accuracy on validation batch: 0.429688
step 4110, accuracy on validation batch: 0.453125
step 4120, accuracy on validation batch: 0.492188
step 4130, accuracy on validation batch: 0.421875
step 4140, accuracy on validation batch: 0.46875
step 4150, accuracy on validation batch: 0.4375
step 4160, accuracy on validation batch: 0.445312
step 4170, accuracy on validation batch: 0.382812
step 4180, accuracy on validation batch: 0.4375
step 4190, accuracy on validation batch: 0.460938
step 4200, accuracy on validation batch: 0.53125
step 4210, accuracy on validation batch: 0.445312
step 4220, accuracy on validation batch: 0.375
step 4230, accuracy on validation batch: 0.476562
step 4240, accuracy on validation batch: 0.546875
step 4250, accuracy on validation batch: 0.476562
step 4260, accuracy on validation batch: 0.453125
step 4270, accuracy on validation batch: 0.382812
step 4280, accuracy on validation batch: 0.453125
step 4290, accuracy on validation batch: 0.421875
step 4300, accuracy on validation batch: 0.390625
step 4310, accuracy on validation batch: 0.40625
step 4320, accuracy on validation batch: 0.421875
step 4330, accuracy on validation batch: 0.4375
step 4340, accuracy on validation batch: 0.453125
step 4350, accuracy on validation batch: 0.523438
step 4360, accuracy on validation batch: 0.460938
step 4370, accuracy on validation batch: 0.34375
step 4380, accuracy on validation batch: 0.476562
step 4390, accuracy on validation batch: 0.414062
step 4400, accuracy on validation batch: 0.414062
step 4410, accuracy on validation batch: 0.5625
step 4420, accuracy on validation batch: 0.445312
step 4430, accuracy on validation batch: 0.414062
step 4440, accuracy on validation batch: 0.40625
step 4450, accuracy on validation batch: 0.460938
step 4460, accuracy on validation batch: 0.453125
step 4470, accuracy on validation batch: 0.4375
step 4480, accuracy on validation batch: 0.484375
step 4490, accuracy on validation batch: 0.414062
step 4500, accuracy on validation batch: 0.492188
step 4510, accuracy on validation batch: 0.5
step 4520, accuracy on validation batch: 0.390625
step 4530, accuracy on validation batch: 0.460938
step 4540, accuracy on validation batch: 0.414062
step 4550, accuracy on validation batch: 0.359375
step 4560, accuracy on validation batch: 0.453125
step 4570, accuracy on validation batch: 0.453125
step 4580, accuracy on validation batch: 0.421875
step 4590, accuracy on validation batch: 0.421875
step 4600, accuracy on validation batch: 0.4375
step 4610, accuracy on validation batch: 0.4375
step 4620, accuracy on validation batch: 0.390625
step 4630, accuracy on validation batch: 0.421875
step 4640, accuracy on validation batch: 0.492188
step 4650, accuracy on validation batch: 0.460938
step 4660, accuracy on validation batch: 0.453125
step 4670, accuracy on validation batch: 0.515625
step 4680, accuracy on validation batch: 0.460938
step 4690, accuracy on validation batch: 0.398438
step 4700, accuracy on validation batch: 0.4375
step 4710, accuracy on validation batch: 0.453125
step 4720, accuracy on validation batch: 0.476562
step 4730, accuracy on validation batch: 0.421875
step 4740, accuracy on validation batch: 0.453125
step 4750, accuracy on validation batch: 0.476562
step 4760, accuracy on validation batch: 0.453125
step 4770, accuracy on validation batch: 0.492188
step 4780, accuracy on validation batch: 0.460938
step 4790, accuracy on validation batch: 0.453125
step 4800, accuracy on validation batch: 0.445312
step 4810, accuracy on validation batch: 0.4375
step 4820, accuracy on validation batch: 0.398438
step 4830, accuracy on validation batch: 0.453125
step 4840, accuracy on validation batch: 0.507812
step 4850, accuracy on validation batch: 0.476562
step 4860, accuracy on validation batch: 0.5
step 4870, accuracy on validation batch: 0.421875
step 4880, accuracy on validation batch: 0.460938
step 4890, accuracy on validation batch: 0.453125
step 4900, accuracy on validation batch: 0.484375
step 4910, accuracy on validation batch: 0.476562
step 4920, accuracy on validation batch: 0.421875
step 4930, accuracy on validation batch: 0.453125
step 4940, accuracy on validation batch: 0.414062
step 4950, accuracy on validation batch: 0.515625
step 4960, accuracy on validation batch: 0.40625
step 4970, accuracy on validation batch: 0.476562
step 4980, accuracy on validation batch: 0.476562
step 4990, accuracy on validation batch: 0.429688
step 5000, accuracy on validation batch: 0.523438
step 5010, accuracy on validation batch: 0.453125
step 5020, accuracy on validation batch: 0.460938
step 5030, accuracy on validation batch: 0.429688
step 5040, accuracy on validation batch: 0.40625
step 5050, accuracy on validation batch: 0.5
step 5060, accuracy on validation batch: 0.507812
step 5070, accuracy on validation batch: 0.46875
step 5080, accuracy on validation batch: 0.421875
step 5090, accuracy on validation batch: 0.476562
step 5100, accuracy on validation batch: 0.484375
step 5110, accuracy on validation batch: 0.453125
step 5120, accuracy on validation batch: 0.445312
step 5130, accuracy on validation batch: 0.429688
step 5140, accuracy on validation batch: 0.4375
step 5150, accuracy on validation batch: 0.484375
step 5160, accuracy on validation batch: 0.476562
step 5170, accuracy on validation batch: 0.398438
step 5180, accuracy on validation batch: 0.4375
step 5190, accuracy on validation batch: 0.429688
step 5200, accuracy on validation batch: 0.414062
step 5210, accuracy on validation batch: 0.4375
step 5220, accuracy on validation batch: 0.476562
step 5230, accuracy on validation batch: 0.476562
step 5240, accuracy on validation batch: 0.53125
step 5250, accuracy on validation batch: 0.4375
step 5260, accuracy on validation batch: 0.4375
step 5270, accuracy on validation batch: 0.578125
step 5280, accuracy on validation batch: 0.445312
step 5290, accuracy on validation batch: 0.4375
step 5300, accuracy on validation batch: 0.429688
step 5310, accuracy on validation batch: 0.445312
step 5320, accuracy on validation batch: 0.453125
step 5330, accuracy on validation batch: 0.460938
step 5340, accuracy on validation batch: 0.4375
step 5350, accuracy on validation batch: 0.507812
step 5360, accuracy on validation batch: 0.5
step 5370, accuracy on validation batch: 0.46875
step 5380, accuracy on validation batch: 0.453125
step 5390, accuracy on validation batch: 0.507812
step 5400, accuracy on validation batch: 0.5
step 5410, accuracy on validation batch: 0.429688
step 5420, accuracy on validation batch: 0.390625
step 5430, accuracy on validation batch: 0.40625
step 5440, accuracy on validation batch: 0.429688
step 5450, accuracy on validation batch: 0.546875
step 5460, accuracy on validation batch: 0.484375
step 5470, accuracy on validation batch: 0.390625
step 5480, accuracy on validation batch: 0.445312
step 5490, accuracy on validation batch: 0.578125
step 5500, accuracy on validation batch: 0.460938
step 5510, accuracy on validation batch: 0.484375
step 5520, accuracy on validation batch: 0.390625
step 5530, accuracy on validation batch: 0.421875
step 5540, accuracy on validation batch: 0.445312
step 5550, accuracy on validation batch: 0.382812
step 5560, accuracy on validation batch: 0.421875
step 5570, accuracy on validation batch: 0.515625
step 5580, accuracy on validation batch: 0.492188
step 5590, accuracy on validation batch: 0.414062
step 5600, accuracy on validation batch: 0.492188
step 5610, accuracy on validation batch: 0.453125
step 5620, accuracy on validation batch: 0.414062
step 5630, accuracy on validation batch: 0.484375
step 5640, accuracy on validation batch: 0.414062
step 5650, accuracy on validation batch: 0.453125
step 5660, accuracy on validation batch: 0.554688
step 5670, accuracy on validation batch: 0.4375
step 5680, accuracy on validation batch: 0.421875
step 5690, accuracy on validation batch: 0.453125
step 5700, accuracy on validation batch: 0.414062
step 5710, accuracy on validation batch: 0.476562
step 5720, accuracy on validation batch: 0.40625
step 5730, accuracy on validation batch: 0.539062
step 5740, accuracy on validation batch: 0.492188
step 5750, accuracy on validation batch: 0.5
step 5760, accuracy on validation batch: 0.507812
step 5770, accuracy on validation batch: 0.398438
step 5780, accuracy on validation batch: 0.4375
step 5790, accuracy on validation batch: 0.476562
step 5800, accuracy on validation batch: 0.390625
step 5810, accuracy on validation batch: 0.460938
step 5820, accuracy on validation batch: 0.453125
step 5830, accuracy on validation batch: 0.414062
step 5840, accuracy on validation batch: 0.46875
step 5850, accuracy on validation batch: 0.476562
step 5860, accuracy on validation batch: 0.421875
step 5870, accuracy on validation batch: 0.390625
step 5880, accuracy on validation batch: 0.453125
step 5890, accuracy on validation batch: 0.445312
step 5900, accuracy on validation batch: 0.453125
step 5910, accuracy on validation batch: 0.453125
step 5920, accuracy on validation batch: 0.484375
step 5930, accuracy on validation batch: 0.476562
step 5940, accuracy on validation batch: 0.390625
step 5950, accuracy on validation batch: 0.445312
step 5960, accuracy on validation batch: 0.515625
step 5970, accuracy on validation batch: 0.515625
step 5980, accuracy on validation batch: 0.421875
step 5990, accuracy on validation batch: 0.484375
step 6000, accuracy on validation batch: 0.523438
step 6010, accuracy on validation batch: 0.414062
step 6020, accuracy on validation batch: 0.492188
step 6030, accuracy on validation batch: 0.445312
step 6040, accuracy on validation batch: 0.4375
step 6050, accuracy on validation batch: 0.398438
step 6060, accuracy on validation batch: 0.460938
step 6070, accuracy on validation batch: 0.382812
step 6080, accuracy on validation batch: 0.539062
step 6090, accuracy on validation batch: 0.507812
step 6100, accuracy on validation batch: 0.4375
step 6110, accuracy on validation batch: 0.421875
step 6120, accuracy on validation batch: 0.5
step 6130, accuracy on validation batch: 0.46875
step 6140, accuracy on validation batch: 0.40625
step 6150, accuracy on validation batch: 0.484375
step 6160, accuracy on validation batch: 0.453125
step 6170, accuracy on validation batch: 0.445312
step 6180, accuracy on validation batch: 0.460938
step 6190, accuracy on validation batch: 0.445312
step 6200, accuracy on validation batch: 0.492188
step 6210, accuracy on validation batch: 0.4375
step 6220, accuracy on validation batch: 0.445312
step 6230, accuracy on validation batch: 0.46875
step 6240, accuracy on validation batch: 0.476562
step 6250, accuracy on validation batch: 0.515625
step 6260, accuracy on validation batch: 0.460938
step 6270, accuracy on validation batch: 0.492188
step 6280, accuracy on validation batch: 0.453125
step 6290, accuracy on validation batch: 0.359375
step 6300, accuracy on validation batch: 0.453125
step 6310, accuracy on validation batch: 0.484375
step 6320, accuracy on validation batch: 0.429688
step 6330, accuracy on validation batch: 0.398438
step 6340, accuracy on validation batch: 0.492188
step 6350, accuracy on validation batch: 0.476562
step 6360, accuracy on validation batch: 0.492188
step 6370, accuracy on validation batch: 0.453125
step 6380, accuracy on validation batch: 0.476562
step 6390, accuracy on validation batch: 0.445312
step 6400, accuracy on validation batch: 0.429688
step 6410, accuracy on validation batch: 0.4375
step 6420, accuracy on validation batch: 0.414062
step 6430, accuracy on validation batch: 0.476562
step 6440, accuracy on validation batch: 0.414062
step 6450, accuracy on validation batch: 0.453125
step 6460, accuracy on validation batch: 0.453125
step 6470, accuracy on validation batch: 0.492188
step 6480, accuracy on validation batch: 0.46875
step 6490, accuracy on validation batch: 0.46875
step 6500, accuracy on validation batch: 0.390625
step 6510, accuracy on validation batch: 0.476562
step 6520, accuracy on validation batch: 0.5625
step 6530, accuracy on validation batch: 0.445312
step 6540, accuracy on validation batch: 0.484375
step 6550, accuracy on validation batch: 0.484375
step 6560, accuracy on validation batch: 0.507812
step 6570, accuracy on validation batch: 0.453125
step 6580, accuracy on validation batch: 0.476562
step 6590, accuracy on validation batch: 0.476562
step 6600, accuracy on validation batch: 0.507812
step 6610, accuracy on validation batch: 0.476562
step 6620, accuracy on validation batch: 0.460938
step 6630, accuracy on validation batch: 0.476562
step 6640, accuracy on validation batch: 0.46875
step 6650, accuracy on validation batch: 0.484375
step 6660, accuracy on validation batch: 0.421875
step 6670, accuracy on validation batch: 0.40625
step 6680, accuracy on validation batch: 0.429688
step 6690, accuracy on validation batch: 0.429688
step 6700, accuracy on validation batch: 0.53125
step 6710, accuracy on validation batch: 0.46875
step 6720, accuracy on validation batch: 0.398438
step 6730, accuracy on validation batch: 0.421875
step 6740, accuracy on validation batch: 0.578125
step 6750, accuracy on validation batch: 0.515625
step 6760, accuracy on validation batch: 0.5
step 6770, accuracy on validation batch: 0.453125
step 6780, accuracy on validation batch: 0.421875
step 6790, accuracy on validation batch: 0.40625
step 6800, accuracy on validation batch: 0.4375
step 6810, accuracy on validation batch: 0.46875
step 6820, accuracy on validation batch: 0.484375
step 6830, accuracy on validation batch: 0.453125
step 6840, accuracy on validation batch: 0.4375
step 6850, accuracy on validation batch: 0.546875
step 6860, accuracy on validation batch: 0.5
step 6870, accuracy on validation batch: 0.4375
step 6880, accuracy on validation batch: 0.546875
step 6890, accuracy on validation batch: 0.414062
step 6900, accuracy on validation batch: 0.421875
step 6910, accuracy on validation batch: 0.539062
step 6920, accuracy on validation batch: 0.46875
step 6930, accuracy on validation batch: 0.40625
step 6940, accuracy on validation batch: 0.460938
step 6950, accuracy on validation batch: 0.46875
step 6960, accuracy on validation batch: 0.507812
step 6970, accuracy on validation batch: 0.445312
step 6980, accuracy on validation batch: 0.5
step 6990, accuracy on validation batch: 0.476562
step 7000, accuracy on validation batch: 0.46875
step 7010, accuracy on validation batch: 0.546875
step 7020, accuracy on validation batch: 0.390625
step 7030, accuracy on validation batch: 0.539062
step 7040, accuracy on validation batch: 0.460938
step 7050, accuracy on validation batch: 0.414062
step 7060, accuracy on validation batch: 0.476562
step 7070, accuracy on validation batch: 0.429688
step 7080, accuracy on validation batch: 0.398438
step 7090, accuracy on validation batch: 0.507812
step 7100, accuracy on validation batch: 0.421875
step 7110, accuracy on validation batch: 0.390625
step 7120, accuracy on validation batch: 0.34375
step 7130, accuracy on validation batch: 0.421875
step 7140, accuracy on validation batch: 0.460938
step 7150, accuracy on validation batch: 0.515625
step 7160, accuracy on validation batch: 0.4375
step 7170, accuracy on validation batch: 0.484375
step 7180, accuracy on validation batch: 0.484375
step 7190, accuracy on validation batch: 0.445312
step 7200, accuracy on validation batch: 0.476562
step 7210, accuracy on validation batch: 0.5
step 7220, accuracy on validation batch: 0.46875
step 7230, accuracy on validation batch: 0.484375
step 7240, accuracy on validation batch: 0.546875
step 7250, accuracy on validation batch: 0.484375
step 7260, accuracy on validation batch: 0.414062
step 7270, accuracy on validation batch: 0.53125
step 7280, accuracy on validation batch: 0.460938
step 7290, accuracy on validation batch: 0.476562
step 7300, accuracy on validation batch: 0.453125
step 7310, accuracy on validation batch: 0.4375
step 7320, accuracy on validation batch: 0.375
step 7330, accuracy on validation batch: 0.515625
step 7340, accuracy on validation batch: 0.539062
step 7350, accuracy on validation batch: 0.46875
step 7360, accuracy on validation batch: 0.4375
step 7370, accuracy on validation batch: 0.4375
step 7380, accuracy on validation batch: 0.523438
step 7390, accuracy on validation batch: 0.4375
step 7400, accuracy on validation batch: 0.554688
step 7410, accuracy on validation batch: 0.5
step 7420, accuracy on validation batch: 0.484375
step 7430, accuracy on validation batch: 0.484375
step 7440, accuracy on validation batch: 0.515625
step 7450, accuracy on validation batch: 0.523438
step 7460, accuracy on validation batch: 0.429688
step 7470, accuracy on validation batch: 0.492188
step 7480, accuracy on validation batch: 0.523438
step 7490, accuracy on validation batch: 0.46875
step 7500, accuracy on validation batch: 0.515625
step 7510, accuracy on validation batch: 0.460938
step 7520, accuracy on validation batch: 0.523438
step 7530, accuracy on validation batch: 0.476562
step 7540, accuracy on validation batch: 0.390625
step 7550, accuracy on validation batch: 0.492188
step 7560, accuracy on validation batch: 0.523438
step 7570, accuracy on validation batch: 0.5
step 7580, accuracy on validation batch: 0.421875
step 7590, accuracy on validation batch: 0.4375
step 7600, accuracy on validation batch: 0.476562
step 7610, accuracy on validation batch: 0.398438
step 7620, accuracy on validation batch: 0.476562
step 7630, accuracy on validation batch: 0.46875
step 7640, accuracy on validation batch: 0.46875
step 7650, accuracy on validation batch: 0.421875
step 7660, accuracy on validation batch: 0.476562
step 7670, accuracy on validation batch: 0.429688
step 7680, accuracy on validation batch: 0.46875
step 7690, accuracy on validation batch: 0.460938
step 7700, accuracy on validation batch: 0.4375
step 7710, accuracy on validation batch: 0.453125
step 7720, accuracy on validation batch: 0.515625
step 7730, accuracy on validation batch: 0.460938
step 7740, accuracy on validation batch: 0.46875
step 7750, accuracy on validation batch: 0.375
step 7760, accuracy on validation batch: 0.460938
step 7770, accuracy on validation batch: 0.578125
step 7780, accuracy on validation batch: 0.445312
step 7790, accuracy on validation batch: 0.492188
step 7800, accuracy on validation batch: 0.507812
step 7810, accuracy on validation batch: 0.507812
step 7820, accuracy on validation batch: 0.492188
step 7830, accuracy on validation batch: 0.484375
step 7840, accuracy on validation batch: 0.492188
step 7850, accuracy on validation batch: 0.5
step 7860, accuracy on validation batch: 0.46875
step 7870, accuracy on validation batch: 0.421875
step 7880, accuracy on validation batch: 0.429688
step 7890, accuracy on validation batch: 0.453125
step 7900, accuracy on validation batch: 0.484375
step 7910, accuracy on validation batch: 0.4375
step 7920, accuracy on validation batch: 0.421875
step 7930, accuracy on validation batch: 0.453125
step 7940, accuracy on validation batch: 0.46875
step 7950, accuracy on validation batch: 0.523438
step 7960, accuracy on validation batch: 0.484375
step 7970, accuracy on validation batch: 0.414062
step 7980, accuracy on validation batch: 0.445312
step 7990, accuracy on validation batch: 0.539062
step 8000, accuracy on validation batch: 0.421875
step 8010, accuracy on validation batch: 0.421875
step 8020, accuracy on validation batch: 0.445312
step 8030, accuracy on validation batch: 0.476562
step 8040, accuracy on validation batch: 0.382812
step 8050, accuracy on validation batch: 0.429688
step 8060, accuracy on validation batch: 0.445312
step 8070, accuracy on validation batch: 0.484375
step 8080, accuracy on validation batch: 0.507812
step 8090, accuracy on validation batch: 0.398438
step 8100, accuracy on validation batch: 0.515625
step 8110, accuracy on validation batch: 0.5
step 8120, accuracy on validation batch: 0.351562
step 8130, accuracy on validation batch: 0.515625
step 8140, accuracy on validation batch: 0.421875
step 8150, accuracy on validation batch: 0.460938
step 8160, accuracy on validation batch: 0.554688
step 8170, accuracy on validation batch: 0.453125
step 8180, accuracy on validation batch: 0.453125
step 8190, accuracy on validation batch: 0.460938
step 8200, accuracy on validation batch: 0.460938
step 8210, accuracy on validation batch: 0.492188
step 8220, accuracy on validation batch: 0.476562
step 8230, accuracy on validation batch: 0.507812
step 8240, accuracy on validation batch: 0.4375
step 8250, accuracy on validation batch: 0.5
step 8260, accuracy on validation batch: 0.5
step 8270, accuracy on validation batch: 0.414062
step 8280, accuracy on validation batch: 0.492188
step 8290, accuracy on validation batch: 0.46875
step 8300, accuracy on validation batch: 0.4375
step 8310, accuracy on validation batch: 0.460938
step 8320, accuracy on validation batch: 0.492188
step 8330, accuracy on validation batch: 0.4375
step 8340, accuracy on validation batch: 0.476562
step 8350, accuracy on validation batch: 0.484375
step 8360, accuracy on validation batch: 0.445312
step 8370, accuracy on validation batch: 0.382812
step 8380, accuracy on validation batch: 0.445312
step 8390, accuracy on validation batch: 0.4375
step 8400, accuracy on validation batch: 0.421875
step 8410, accuracy on validation batch: 0.460938
step 8420, accuracy on validation batch: 0.507812
step 8430, accuracy on validation batch: 0.523438
step 8440, accuracy on validation batch: 0.445312
step 8450, accuracy on validation batch: 0.46875
step 8460, accuracy on validation batch: 0.507812
step 8470, accuracy on validation batch: 0.460938
step 8480, accuracy on validation batch: 0.40625
step 8490, accuracy on validation batch: 0.53125
step 8500, accuracy on validation batch: 0.507812
step 8510, accuracy on validation batch: 0.4375
step 8520, accuracy on validation batch: 0.539062
step 8530, accuracy on validation batch: 0.4375
step 8540, accuracy on validation batch: 0.453125
step 8550, accuracy on validation batch: 0.421875
step 8560, accuracy on validation batch: 0.453125
step 8570, accuracy on validation batch: 0.367188
step 8580, accuracy on validation batch: 0.476562
step 8590, accuracy on validation batch: 0.46875
step 8600, accuracy on validation batch: 0.4375
step 8610, accuracy on validation batch: 0.398438
step 8620, accuracy on validation batch: 0.460938
step 8630, accuracy on validation batch: 0.445312
step 8640, accuracy on validation batch: 0.453125
step 8650, accuracy on validation batch: 0.476562
step 8660, accuracy on validation batch: 0.515625
step 8670, accuracy on validation batch: 0.445312
step 8680, accuracy on validation batch: 0.445312
step 8690, accuracy on validation batch: 0.507812
step 8700, accuracy on validation batch: 0.515625
step 8710, accuracy on validation batch: 0.421875
step 8720, accuracy on validation batch: 0.453125
step 8730, accuracy on validation batch: 0.492188
step 8740, accuracy on validation batch: 0.4375
step 8750, accuracy on validation batch: 0.507812
step 8760, accuracy on validation batch: 0.445312
step 8770, accuracy on validation batch: 0.539062
step 8780, accuracy on validation batch: 0.460938
step 8790, accuracy on validation batch: 0.382812
step 8800, accuracy on validation batch: 0.492188
step 8810, accuracy on validation batch: 0.5
step 8820, accuracy on validation batch: 0.546875
step 8830, accuracy on validation batch: 0.414062
step 8840, accuracy on validation batch: 0.507812
step 8850, accuracy on validation batch: 0.53125
step 8860, accuracy on validation batch: 0.453125
step 8870, accuracy on validation batch: 0.429688
step 8880, accuracy on validation batch: 0.53125
step 8890, accuracy on validation batch: 0.46875
step 8900, accuracy on validation batch: 0.492188
step 8910, accuracy on validation batch: 0.492188
step 8920, accuracy on validation batch: 0.484375
step 8930, accuracy on validation batch: 0.492188
step 8940, accuracy on validation batch: 0.476562
step 8950, accuracy on validation batch: 0.476562
step 8960, accuracy on validation batch: 0.421875
step 8970, accuracy on validation batch: 0.523438
step 8980, accuracy on validation batch: 0.492188
step 8990, accuracy on validation batch: 0.460938
step 9000, accuracy on validation batch: 0.414062
step 9010, accuracy on validation batch: 0.46875
step 9020, accuracy on validation batch: 0.578125
step 9030, accuracy on validation batch: 0.5
step 9040, accuracy on validation batch: 0.476562
step 9050, accuracy on validation batch: 0.460938
step 9060, accuracy on validation batch: 0.453125
step 9070, accuracy on validation batch: 0.492188
step 9080, accuracy on validation batch: 0.453125
step 9090, accuracy on validation batch: 0.5
step 9100, accuracy on validation batch: 0.515625
step 9110, accuracy on validation batch: 0.5
step 9120, accuracy on validation batch: 0.484375
step 9130, accuracy on validation batch: 0.46875
step 9140, accuracy on validation batch: 0.546875
step 9150, accuracy on validation batch: 0.53125
step 9160, accuracy on validation batch: 0.414062
step 9170, accuracy on validation batch: 0.398438
step 9180, accuracy on validation batch: 0.460938
step 9190, accuracy on validation batch: 0.484375
step 9200, accuracy on validation batch: 0.515625
step 9210, accuracy on validation batch: 0.492188
step 9220, accuracy on validation batch: 0.414062
step 9230, accuracy on validation batch: 0.453125
step 9240, accuracy on validation batch: 0.601562
step 9250, accuracy on validation batch: 0.460938
step 9260, accuracy on validation batch: 0.453125
step 9270, accuracy on validation batch: 0.484375
step 9280, accuracy on validation batch: 0.46875
step 9290, accuracy on validation batch: 0.421875
step 9300, accuracy on validation batch: 0.460938
step 9310, accuracy on validation batch: 0.414062
step 9320, accuracy on validation batch: 0.5
step 9330, accuracy on validation batch: 0.507812
step 9340, accuracy on validation batch: 0.4375
step 9350, accuracy on validation batch: 0.554688
step 9360, accuracy on validation batch: 0.4375
step 9370, accuracy on validation batch: 0.46875
step 9380, accuracy on validation batch: 0.523438
step 9390, accuracy on validation batch: 0.445312
step 9400, accuracy on validation batch: 0.46875
step 9410, accuracy on validation batch: 0.5
step 9420, accuracy on validation batch: 0.453125
step 9430, accuracy on validation batch: 0.4375
step 9440, accuracy on validation batch: 0.429688
step 9450, accuracy on validation batch: 0.484375
step 9460, accuracy on validation batch: 0.507812
step 9470, accuracy on validation batch: 0.46875
step 9480, accuracy on validation batch: 0.46875
step 9490, accuracy on validation batch: 0.5625
step 9500, accuracy on validation batch: 0.476562
step 9510, accuracy on validation batch: 0.585938
step 9520, accuracy on validation batch: 0.390625
step 9530, accuracy on validation batch: 0.484375
step 9540, accuracy on validation batch: 0.523438
step 9550, accuracy on validation batch: 0.421875
step 9560, accuracy on validation batch: 0.484375
step 9570, accuracy on validation batch: 0.484375
step 9580, accuracy on validation batch: 0.429688
step 9590, accuracy on validation batch: 0.5
step 9600, accuracy on validation batch: 0.4375
step 9610, accuracy on validation batch: 0.445312
step 9620, accuracy on validation batch: 0.382812
step 9630, accuracy on validation batch: 0.507812
step 9640, accuracy on validation batch: 0.492188
step 9650, accuracy on validation batch: 0.523438
step 9660, accuracy on validation batch: 0.4375
step 9670, accuracy on validation batch: 0.515625
step 9680, accuracy on validation batch: 0.46875
step 9690, accuracy on validation batch: 0.460938
step 9700, accuracy on validation batch: 0.453125
step 9710, accuracy on validation batch: 0.507812
step 9720, accuracy on validation batch: 0.53125
step 9730, accuracy on validation batch: 0.476562
step 9740, accuracy on validation batch: 0.5625
step 9750, accuracy on validation batch: 0.484375
step 9760, accuracy on validation batch: 0.476562
step 9770, accuracy on validation batch: 0.554688
step 9780, accuracy on validation batch: 0.445312
step 9790, accuracy on validation batch: 0.484375
step 9800, accuracy on validation batch: 0.429688
step 9810, accuracy on validation batch: 0.453125
step 9820, accuracy on validation batch: 0.398438
step 9830, accuracy on validation batch: 0.53125
step 9840, accuracy on validation batch: 0.570312
step 9850, accuracy on validation batch: 0.5
step 9860, accuracy on validation batch: 0.460938
step 9870, accuracy on validation batch: 0.492188
step 9880, accuracy on validation batch: 0.492188
step 9890, accuracy on validation batch: 0.46875
step 9900, accuracy on validation batch: 0.515625
step 9910, accuracy on validation batch: 0.484375
step 9920, accuracy on validation batch: 0.46875
step 9930, accuracy on validation batch: 0.492188
step 9940, accuracy on validation batch: 0.484375
step 9950, accuracy on validation batch: 0.546875
step 9960, accuracy on validation batch: 0.375
step 9970, accuracy on validation batch: 0.46875
step 9980, accuracy on validation batch: 0.507812
step 9990, accuracy on validation batch: 0.460938
test set: accuracy on test set: 0.493
